<?xml version="1.0" encoding="UTF-8"?>
<testng-results ignored="0" total="8" passed="7" failed="1" skipped="0">
  <reporter-output>
  </reporter-output>
  <suite started-at="2022-09-16T16:08:55 IST" name="Suite" finished-at="2022-09-16T16:10:42 IST" duration-ms="107058">
    <groups>
    </groups>
    <test started-at="2022-09-16T16:08:55 IST" name="Test" finished-at="2022-09-16T16:10:42 IST" duration-ms="107058">
      <class name="AutomationScripts.Sign_inScript">
        <test-method signature="signin(java.lang.String,java.lang.String)[pri:0, instance:AutomationScripts.Sign_inScript@3f6b0be5]" started-at="2022-09-16T16:09:43 IST" name="signin" data-provider="Signin" finished-at="2022-09-16T16:09:52 IST" duration-ms="9470" status="PASS">
          <params>
            <param index="0">
              <value>
                <![CDATA[Shreyas]]>
              </value>
            </param>
            <param index="1">
              <value>
                <![CDATA[Shre@123]]>
              </value>
            </param>
          </params>
          <reporter-output>
          </reporter-output>
        </test-method> <!-- signin -->
        <test-method signature="signin(java.lang.String,java.lang.String)[pri:0, instance:AutomationScripts.Sign_inScript@3f6b0be5]" started-at="2022-09-16T16:09:52 IST" name="signin" data-provider="Signin" finished-at="2022-09-16T16:10:02 IST" duration-ms="9431" status="PASS">
          <params>
            <param index="0">
              <value>
                <![CDATA[Ss]]>
              </value>
            </param>
            <param index="1">
              <value>
                <![CDATA[93434]]>
              </value>
            </param>
          </params>
          <reporter-output>
          </reporter-output>
        </test-method> <!-- signin -->
        <test-method signature="signin(java.lang.String,java.lang.String)[pri:0, instance:AutomationScripts.Sign_inScript@3f6b0be5]" started-at="2022-09-16T16:10:02 IST" name="signin" data-provider="Signin" finished-at="2022-09-16T16:10:14 IST" duration-ms="11852" status="PASS">
          <params>
            <param index="0">
              <value>
                <![CDATA[shreyas1Automatio@1234 $]]>
              </value>
            </param>
            <param index="1">
              <value>
                <![CDATA[shre9880]]>
              </value>
            </param>
          </params>
          <reporter-output>
          </reporter-output>
        </test-method> <!-- signin -->
        <test-method signature="signin(java.lang.String,java.lang.String)[pri:0, instance:AutomationScripts.Sign_inScript@3f6b0be5]" started-at="2022-09-16T16:10:14 IST" name="signin" data-provider="Signin" finished-at="2022-09-16T16:10:23 IST" duration-ms="9225" status="PASS">
          <params>
            <param index="0">
              <value>
                <![CDATA[@#$shreyas]]>
              </value>
            </param>
            <param index="1">
              <value>
                <![CDATA[A123456789]]>
              </value>
            </param>
          </params>
          <reporter-output>
          </reporter-output>
        </test-method> <!-- signin -->
      </class> <!-- AutomationScripts.Sign_inScript -->
      <class name="AutomationScripts.Sign_UPScript">
        <test-method signature="signup(java.lang.String,java.lang.String,java.lang.String,java.lang.String,java.lang.String,java.lang.String,java.lang.String)[pri:0, instance:AutomationScripts.Sign_UPScript@505fc5a4]" started-at="2022-09-16T16:08:55 IST" name="signup" data-provider="Signup" finished-at="2022-09-16T16:09:20 IST" duration-ms="24884" status="FAIL">
          <params>
            <param index="0">
              <value>
                <![CDATA[Shreyas]]>
              </value>
            </param>
            <param index="1">
              <value>
                <![CDATA[Shankar]]>
              </value>
            </param>
            <param index="2">
              <value>
                <![CDATA[shreyas@gmail.com]]>
              </value>
            </param>
            <param index="3">
              <value>
                <![CDATA[Shre@123]]>
              </value>
            </param>
            <param index="4">
              <value>
                <![CDATA[01/07/1999]]>
              </value>
            </param>
            <param index="5">
              <value>
                <![CDATA[958895579]]>
              </value>
            </param>
            <param index="6">
              <value>
                <![CDATA[I am currently working in Qualitest as Trainee Engineer]]>
              </value>
            </param>
          </params>
          <exception class="org.openqa.selenium.UnhandledAlertException">
            <message>
              <![CDATA[unexpected alert open: {Alert text : Hai,Shreyas! Go To SingIn}
  (Session info: chrome=105.0.5195.102): Hai,Shreyas! Go To SingIn
Build info: version: '4.4.0', revision: 'e5c75ed026a'
System info: host: 'QT-INBG-LT0697', ip: '10.20.15.67', os.name: 'Windows 10', os.arch: 'amd64', os.version: '10.0', java.version: '17.0.3'
Driver info: org.openqa.selenium.chrome.ChromeDriver
Command: [36a1737bc4f6af2112a5369f5387062d, close {}]
Capabilities {acceptInsecureCerts: false, browserName: chrome, browserVersion: 105.0.5195.102, chrome: {chromedriverVersion: 104.0.5112.79 (3cf3e8c8a07d..., userDataDir: C:\Users\SHREYA~1.SHA\AppDa...}, goog:chromeOptions: {debuggerAddress: localhost:57457}, networkConnectionEnabled: false, pageLoadStrategy: normal, platformName: WINDOWS, proxy: Proxy(), se:cdp: ws://localhost:57457/devtoo..., se:cdpVersion: 105.0.5195.102, setWindowRect: true, strictFileInteractability: false, timeouts: {implicit: 0, pageLoad: 300000, script: 30000}, unhandledPromptBehavior: dismiss and notify, webauthn:extension:credBlob: true, webauthn:extension:largeBlob: true, webauthn:virtualAuthenticators: true}
Session ID: 36a1737bc4f6af2112a5369f5387062d]]>
            </message>
            <full-stacktrace>
              <![CDATA[org.openqa.selenium.UnhandledAlertException: unexpected alert open: {Alert text : Hai,Shreyas! Go To SingIn}
  (Session info: chrome=105.0.5195.102): Hai,Shreyas! Go To SingIn
Build info: version: '4.4.0', revision: 'e5c75ed026a'
System info: host: 'QT-INBG-LT0697', ip: '10.20.15.67', os.name: 'Windows 10', os.arch: 'amd64', os.version: '10.0', java.version: '17.0.3'
Driver info: org.openqa.selenium.chrome.ChromeDriver
Command: [36a1737bc4f6af2112a5369f5387062d, close {}]
Capabilities {acceptInsecureCerts: false, browserName: chrome, browserVersion: 105.0.5195.102, chrome: {chromedriverVersion: 104.0.5112.79 (3cf3e8c8a07d..., userDataDir: C:\Users\SHREYA~1.SHA\AppDa...}, goog:chromeOptions: {debuggerAddress: localhost:57457}, networkConnectionEnabled: false, pageLoadStrategy: normal, platformName: WINDOWS, proxy: Proxy(), se:cdp: ws://localhost:57457/devtoo..., se:cdpVersion: 105.0.5195.102, setWindowRect: true, strictFileInteractability: false, timeouts: {implicit: 0, pageLoad: 300000, script: 30000}, unhandledPromptBehavior: dismiss and notify, webauthn:extension:credBlob: true, webauthn:extension:largeBlob: true, webauthn:virtualAuthenticators: true}
Session ID: 36a1737bc4f6af2112a5369f5387062d
at org.openqa.selenium.remote.codec.w3c.W3CHttpResponseCodec.decode(W3CHttpResponseCodec.java:131)
at org.openqa.selenium.remote.codec.w3c.W3CHttpResponseCodec.decode(W3CHttpResponseCodec.java:53)
at org.openqa.selenium.remote.HttpCommandExecutor.execute(HttpCommandExecutor.java:184)
at org.openqa.selenium.remote.service.DriverCommandExecutor.invokeExecute(DriverCommandExecutor.java:167)
at org.openqa.selenium.remote.service.DriverCommandExecutor.execute(DriverCommandExecutor.java:142)
at org.openqa.selenium.remote.RemoteWebDriver.execute(RemoteWebDriver.java:547)
at org.openqa.selenium.remote.RemoteWebDriver.execute(RemoteWebDriver.java:602)
at org.openqa.selenium.remote.RemoteWebDriver.execute(RemoteWebDriver.java:606)
at org.openqa.selenium.remote.RemoteWebDriver.close(RemoteWebDriver.java:432)
at AutomationScripts.Sign_UPScript.signup(Sign_UPScript.java:43)
at java.base/jdk.internal.reflect.NativeMethodAccessorImpl.invoke0(Native Method)
at java.base/jdk.internal.reflect.NativeMethodAccessorImpl.invoke(NativeMethodAccessorImpl.java:77)
at java.base/jdk.internal.reflect.DelegatingMethodAccessorImpl.invoke(DelegatingMethodAccessorImpl.java:43)
at java.base/java.lang.reflect.Method.invoke(Method.java:568)
at org.testng.internal.MethodInvocationHelper.invokeMethod(MethodInvocationHelper.java:133)
at org.testng.internal.TestInvoker.invokeMethod(TestInvoker.java:598)
at org.testng.internal.TestInvoker.invokeTestMethod(TestInvoker.java:173)
at org.testng.internal.MethodRunner.runInSequence(MethodRunner.java:46)
at org.testng.internal.TestInvoker$MethodInvocationAgent.invoke(TestInvoker.java:824)
at org.testng.internal.TestInvoker.invokeTestMethods(TestInvoker.java:146)
at org.testng.internal.TestMethodWorker.invokeTestMethods(TestMethodWorker.java:146)
at org.testng.internal.TestMethodWorker.run(TestMethodWorker.java:128)
at java.base/java.util.ArrayList.forEach(ArrayList.java:1511)
at org.testng.TestRunner.privateRun(TestRunner.java:794)
at org.testng.TestRunner.run(TestRunner.java:596)
at org.testng.SuiteRunner.runTest(SuiteRunner.java:377)
at org.testng.SuiteRunner.runSequentially(SuiteRunner.java:371)
at org.testng.SuiteRunner.privateRun(SuiteRunner.java:332)
at org.testng.SuiteRunner.run(SuiteRunner.java:276)
at org.testng.SuiteRunnerWorker.runSuite(SuiteRunnerWorker.java:53)
at org.testng.SuiteRunnerWorker.run(SuiteRunnerWorker.java:96)
at org.testng.TestNG.runSuitesSequentially(TestNG.java:1212)
at org.testng.TestNG.runSuitesLocally(TestNG.java:1134)
at org.testng.TestNG.runSuites(TestNG.java:1063)
at org.testng.TestNG.run(TestNG.java:1031)
at org.testng.remote.AbstractRemoteTestNG.run(AbstractRemoteTestNG.java:115)
at org.testng.remote.RemoteTestNG.initAndRun(RemoteTestNG.java:251)
at org.testng.remote.RemoteTestNG.main(RemoteTestNG.java:77)
]]>
            </full-stacktrace>
          </exception> <!-- org.openqa.selenium.UnhandledAlertException -->
          <reporter-output>
          </reporter-output>
        </test-method> <!-- signup -->
        <test-method signature="signup(java.lang.String,java.lang.String,java.lang.String,java.lang.String,java.lang.String,java.lang.String,java.lang.String)[pri:0, instance:AutomationScripts.Sign_UPScript@505fc5a4]" started-at="2022-09-16T16:09:20 IST" name="signup" data-provider="Signup" finished-at="2022-09-16T16:09:43 IST" duration-ms="23253" status="PASS">
          <params>
            <param index="0">
              <value>
                <![CDATA[Shreyashshreyash]]>
              </value>
            </param>
            <param index="1">
              <value>
                <![CDATA[Shankar]]>
              </value>
            </param>
            <param index="2">
              <value>
                <![CDATA[shreyasgmailcom]]>
              </value>
            </param>
            <param index="3">
              <value>
                <![CDATA[Shre@123]]>
              </value>
            </param>
            <param index="4">
              <value>
                <![CDATA[01/07/19999]]>
              </value>
            </param>
            <param index="5">
              <value>
                <![CDATA[9588955794545646]]>
              </value>
            </param>
            <param index="6">
              <value>
                <![CDATA[I am currently working in Qualitest as Trainee Engineer]]>
              </value>
            </param>
          </params>
          <reporter-output>
          </reporter-output>
        </test-method> <!-- signup -->
      </class> <!-- AutomationScripts.Sign_UPScript -->
      <class name="AutomationScripts.Contact_USScript">
        <test-method signature="contactus(java.lang.String,java.lang.String,java.lang.String,java.lang.String)[pri:0, instance:AutomationScripts.Contact_USScript@611889f4]" started-at="2022-09-16T16:10:23 IST" name="contactus" data-provider="contactus" finished-at="2022-09-16T16:10:32 IST" duration-ms="9368" status="PASS">
          <params>
            <param index="0">
              <value>
                <![CDATA[Shreyas]]>
              </value>
            </param>
            <param index="1">
              <value>
                <![CDATA[shreyas@gmail.com]]>
              </value>
            </param>
            <param index="2">
              <value>
                <![CDATA[9878897866]]>
              </value>
            </param>
            <param index="3">
              <value>
                <![CDATA[HELLO THIS IS THE PAGE FOR CONTACTUS]]>
              </value>
            </param>
          </params>
          <reporter-output>
          </reporter-output>
        </test-method> <!-- contactus -->
        <test-method signature="contactus(java.lang.String,java.lang.String,java.lang.String,java.lang.String)[pri:0, instance:AutomationScripts.Contact_USScript@611889f4]" started-at="2022-09-16T16:10:32 IST" name="contactus" data-provider="contactus" finished-at="2022-09-16T16:10:42 IST" duration-ms="9512" status="PASS">
          <params>
            <param index="0">
              <value>
                <![CDATA[Shreyas]]>
              </value>
            </param>
            <param index="1">
              <value>
                <![CDATA[shreyasgmail.com]]>
              </value>
            </param>
            <param index="2">
              <value>
                <![CDATA[98788978669999999999999]]>
              </value>
            </param>
            <param index="3">
              <value>
                <![CDATA[HELLO THIS IS THE PAGE FOR CONTACTUS]]>
              </value>
            </param>
          </params>
          <reporter-output>
          </reporter-output>
        </test-method> <!-- contactus -->
      </class> <!-- AutomationScripts.Contact_USScript -->
    </test> <!-- Test -->
  </suite> <!-- Suite -->
</testng-results>
